<?xml version="1.0" encoding="UTF-8"?>
<!-- Generated by org.testng.reporters.JUnitReportReporter -->
<testsuite hostname="DESKTOP-M2D6PE4" failures="0" tests="1" name="testCases.TC001_AccountRegistrationTest" time="4.849" errors="0" timestamp="2025-01-30T19:08:40 IST" skipped="0">
  <testcase classname="testCases.TC001_AccountRegistrationTest" name="verify_account_registration" time="4.849"/>
</testsuite> <!-- testCases.TC001_AccountRegistrationTest -->
