<?xml version="1.0" encoding="UTF-8"?>
<!-- Generated by org.testng.reporters.JUnitReportReporter -->
<testsuite hostname="DESKTOP-M2D6PE4" failures="0" tests="1" name="testCases.TC002_LoginTest" time="2.855" errors="0" timestamp="2025-01-31T11:16:31 IST" skipped="0">
  <testcase classname="testCases.TC002_LoginTest" name="verify_login" time="2.855"/>
</testsuite> <!-- testCases.TC002_LoginTest -->
